Arguments: 
  /usr/local/bin/node /usr/local/bin/yarn add css-loade

PATH: 
  /Users/srv013/.npm-global/bin:/Users/srv013/.npm-global/bin:/Users/srv013/.npm-global/bin:/Users/srv013/.npm-global/bin:/usr/local/bin:/System/Cryptexes/App/usr/bin:/usr/bin:/bin:/usr/sbin:/sbin

Yarn version: 
  1.22.19

Node version: 
  16.17.0

Platform: 
  darwin x64

Trace: 
  Error: https://registry.yarnpkg.com/css-loade: Not found
      at Request.params.callback [as _callback] (/usr/local/lib/node_modules/yarn/lib/cli.js:66145:18)
      at Request.self.callback (/usr/local/lib/node_modules/yarn/lib/cli.js:140890:22)
      at Request.emit (node:events:513:28)
      at Request.<anonymous> (/usr/local/lib/node_modules/yarn/lib/cli.js:141862:10)
      at Request.emit (node:events:513:28)
      at IncomingMessage.<anonymous> (/usr/local/lib/node_modules/yarn/lib/cli.js:141784:12)
      at Object.onceWrapper (node:events:627:28)
      at IncomingMessage.emit (node:events:525:35)
      at endReadableNT (node:internal/streams/readable:1358:12)
      at processTicksAndRejections (node:internal/process/task_queues:83:21)

npm manifest: 
  {
    "name": "desafio_8",
    "version": "2",
    "description": "mascotas",
    "main": "bundles.js",
    "repository": "git@github.com:SRV013/desafioocho.git",
    "author": "YaMiPc",
    "license": "SIN",
    "scripts": {
      "dev": "cross-env NODE_ENV=development webpack",
      "build": "cross-env NODE_ENV=production webpack",
      "start": "live-server"
    },
    "dependencies": {
      "live-serve": "^0.0.0",
      "react": "^18.2.0",
      "react-dom": "^18.2.0",
      "react-router-dom": "^6.7.0",
      "typescript": "^4.9.4"
    }
  }

yarn manifest: 
  No manifest

Lockfile: 
  # THIS IS AN AUTOGENERATED FILE. DO NOT EDIT THIS FILE DIRECTLY.
  # yarn lockfile v1
  
  
  "@remix-run/router@1.3.0":
    version "1.3.0"
    resolved "https://registry.yarnpkg.com/@remix-run/router/-/router-1.3.0.tgz#b6ee542c7f087b73b3d8215b9bf799f648be71cb"
    integrity sha512-nwQoYb3m4DDpHTeOwpJEuDt8lWVcujhYYSFGLluC+9es2PyLjm+jjq3IeRBQbwBtPLJE/lkuHuGHr8uQLgmJRA==
  
  "js-tokens@^3.0.0 || ^4.0.0":
    version "4.0.0"
    resolved "https://registry.yarnpkg.com/js-tokens/-/js-tokens-4.0.0.tgz#19203fb59991df98e3a287050d4647cdeaf32499"
    integrity sha512-RdJUflcE3cUzKiMqQgsCu06FPu9UdIJO0beYbPhHN4k6apgJtifcoCtT9bcxOpYBtpD2kCM6Sbzg4CausW/PKQ==
  
  live-serve@^0.0.0:
    version "0.0.0"
    resolved "https://registry.yarnpkg.com/live-serve/-/live-serve-0.0.0.tgz#2b9c45f0163d7e2778285ec0701442c99e6af564"
    integrity sha512-ROmoSKVeA98FBJEJU8XCx71lz9JUXPkh9lrL9jfvZKf8Py2xUCunbTS2VQWCIHZwadpMDmtFhE7kVR9V1xh/ow==
  
  loose-envify@^1.1.0:
    version "1.4.0"
    resolved "https://registry.yarnpkg.com/loose-envify/-/loose-envify-1.4.0.tgz#71ee51fa7be4caec1a63839f7e682d8132d30caf"
    integrity sha512-lyuxPGr/Wfhrlem2CL/UcnUc1zcqKAImBDzukY7Y5F/yQiNdko6+fRLevlw1HgMySw7f611UIY408EtxRSoK3Q==
    dependencies:
      js-tokens "^3.0.0 || ^4.0.0"
  
  react-dom@^18.2.0:
    version "18.2.0"
    resolved "https://registry.yarnpkg.com/react-dom/-/react-dom-18.2.0.tgz#22aaf38708db2674ed9ada224ca4aa708d821e3d"
    integrity sha512-6IMTriUmvsjHUjNtEDudZfuDQUoWXVxKHhlEGSk81n4YFS+r/Kl99wXiwlVXtPBtJenozv2P+hxDsw9eA7Xo6g==
    dependencies:
      loose-envify "^1.1.0"
      scheduler "^0.23.0"
  
  react-router-dom@^6.7.0:
    version "6.7.0"
    resolved "https://registry.yarnpkg.com/react-router-dom/-/react-router-dom-6.7.0.tgz#0249f4ca4eb704562b8b0ff29caeb928c3a6ed38"
    integrity sha512-jQtXUJyhso3kFw430+0SPCbmCmY1/kJv8iRffGHwHy3CkoomGxeYzMkmeSPYo6Egzh3FKJZRAL22yg5p2tXtfg==
    dependencies:
      "@remix-run/router" "1.3.0"
      react-router "6.7.0"
  
  react-router@6.7.0:
    version "6.7.0"
    resolved "https://registry.yarnpkg.com/react-router/-/react-router-6.7.0.tgz#db262684c13b5c2970694084ae9e8531718a0681"
    integrity sha512-KNWlG622ddq29MAM159uUsNMdbX8USruoKnwMMQcs/QWZgFUayICSn2oB7reHce1zPj6CG18kfkZIunSSRyGHg==
    dependencies:
      "@remix-run/router" "1.3.0"
  
  react@^18.2.0:
    version "18.2.0"
    resolved "https://registry.yarnpkg.com/react/-/react-18.2.0.tgz#555bd98592883255fa00de14f1151a917b5d77d5"
    integrity sha512-/3IjMdb2L9QbBdWiW5e3P2/npwMBaU9mHCSCUzNln0ZCYbcfTsGbTJrU/kGemdH2IWmB2ioZ+zkxtmq6g09fGQ==
    dependencies:
      loose-envify "^1.1.0"
  
  scheduler@^0.23.0:
    version "0.23.0"
    resolved "https://registry.yarnpkg.com/scheduler/-/scheduler-0.23.0.tgz#ba8041afc3d30eb206a487b6b384002e4e61fdfe"
    integrity sha512-CtuThmgHNg7zIZWAXi3AsyIzA3n4xx7aNyjwC2VJldO2LMVDhFK+63xGqq6CsJH4rTAt6/M+N4GhZiDYPx9eUw==
    dependencies:
      loose-envify "^1.1.0"
  
  typescript@^4.9.4:
    version "4.9.4"
    resolved "https://registry.yarnpkg.com/typescript/-/typescript-4.9.4.tgz#a2a3d2756c079abda241d75f149df9d561091e78"
    integrity sha512-Uz+dTXYzxXXbsFpM86Wh3dKCxrQqUcVMxwU54orwlJjOpO3ao8L7j5lH+dWfTwgCwIuM9GQ2kvVotzYJMXTBZg==
